<?xml version="1.0" encoding="UTF-8"?>
<!-- Generated by org.testng.reporters.JUnitReportReporter -->
<testsuite skipped="9" hostname="DESKTOP-TE3O9BE" name="com.Test_Next_Generation.Assert_Practise1" tests="10" failures="1" timestamp="2022-02-21T13:09:28 IST" time="0.031" errors="0">
  <testcase name="loginPage" time="0.000" classname="com.Test_Next_Generation.Assert_Practise1">
    <skipped/>
  </testcase> <!-- loginPage -->
  <system-out/>
  <testcase name="loginPage" time="0.000" classname="com.Test_Next_Generation.Assert_Practise1">
    <skipped/>
  </testcase> <!-- loginPage -->
  <system-out/>
  <testcase name="loginPage" time="0.000" classname="com.Test_Next_Generation.Assert_Practise1">
    <skipped/>
  </testcase> <!-- loginPage -->
  <system-out/>
  <testcase name="loginPage" time="0.016" classname="com.Test_Next_Generation.Assert_Practise1">
    <skipped/>
  </testcase> <!-- loginPage -->
  <system-out/>
  <testcase name="loginPage" time="0.000" classname="com.Test_Next_Generation.Assert_Practise1">
    <skipped/>
  </testcase> <!-- loginPage -->
  <system-out/>
  <testcase name="loginPage" time="0.000" classname="com.Test_Next_Generation.Assert_Practise1">
    <skipped/>
  </testcase> <!-- loginPage -->
  <system-out/>
  <testcase name="loginPage" time="0.000" classname="com.Test_Next_Generation.Assert_Practise1">
    <skipped/>
  </testcase> <!-- loginPage -->
  <system-out/>
  <testcase name="loginPage" time="0.000" classname="com.Test_Next_Generation.Assert_Practise1">
    <failure type="java.lang.AssertionError" message="expected [Rose] but found [Jack]">
      <![CDATA[java.lang.AssertionError: expected [Rose] but found [Jack]
at org.testng.Assert.fail(Assert.java:99)
at org.testng.Assert.failNotEquals(Assert.java:1037)
at org.testng.Assert.assertEqualsImpl(Assert.java:140)
at org.testng.Assert.assertEquals(Assert.java:122)
at org.testng.Assert.assertEquals(Assert.java:629)
at org.testng.Assert.assertEquals(Assert.java:639)
at com.Test_Next_Generation.Assert_Practise1.loginPage(Assert_Practise1.java:14)
at sun.reflect.NativeMethodAccessorImpl.invoke0(Native Method)
at sun.reflect.NativeMethodAccessorImpl.invoke(NativeMethodAccessorImpl.java:62)
at sun.reflect.DelegatingMethodAccessorImpl.invoke(DelegatingMethodAccessorImpl.java:43)
at java.lang.reflect.Method.invoke(Method.java:498)
at org.testng.internal.MethodInvocationHelper.invokeMethod(MethodInvocationHelper.java:133)
at org.testng.internal.TestInvoker.invokeMethod(TestInvoker.java:598)
at org.testng.internal.TestInvoker.retryFailed(TestInvoker.java:213)
at org.testng.internal.MethodRunner.runInSequence(MethodRunner.java:58)
at org.testng.internal.TestInvoker$MethodInvocationAgent.invoke(TestInvoker.java:824)
at org.testng.internal.TestInvoker.invokeTestMethods(TestInvoker.java:146)
at org.testng.internal.TestMethodWorker.invokeTestMethods(TestMethodWorker.java:146)
at org.testng.internal.TestMethodWorker.run(TestMethodWorker.java:128)
at java.util.ArrayList.forEach(ArrayList.java:1259)
at org.testng.TestRunner.privateRun(TestRunner.java:794)
at org.testng.TestRunner.run(TestRunner.java:596)
at org.testng.SuiteRunner.runTest(SuiteRunner.java:377)
at org.testng.SuiteRunner.runSequentially(SuiteRunner.java:371)
at org.testng.SuiteRunner.privateRun(SuiteRunner.java:332)
at org.testng.SuiteRunner.run(SuiteRunner.java:276)
at org.testng.SuiteRunnerWorker.runSuite(SuiteRunnerWorker.java:53)
at org.testng.SuiteRunnerWorker.run(SuiteRunnerWorker.java:96)
at org.testng.TestNG.runSuitesSequentially(TestNG.java:1212)
at org.testng.TestNG.runSuitesLocally(TestNG.java:1134)
at org.testng.TestNG.runSuites(TestNG.java:1063)
at org.testng.TestNG.run(TestNG.java:1031)
at org.testng.remote.AbstractRemoteTestNG.run(AbstractRemoteTestNG.java:115)
at org.testng.remote.RemoteTestNG.initAndRun(RemoteTestNG.java:251)
at org.testng.remote.RemoteTestNG.main(RemoteTestNG.java:77)
]]>
    </failure>
  </testcase> <!-- loginPage -->
  <system-out/>
  <testcase name="loginPage" time="0.000" classname="com.Test_Next_Generation.Assert_Practise1">
    <skipped/>
  </testcase> <!-- loginPage -->
  <system-out/>
  <testcase name="loginPage" time="0.015" classname="com.Test_Next_Generation.Assert_Practise1">
    <skipped/>
  </testcase> <!-- loginPage -->
  <system-out/>
</testsuite> <!-- com.Test_Next_Generation.Assert_Practise1 -->
